<?xml version="1.0" encoding="UTF-8"?>
<testsuite xmlns:xsi="http://www.w3.org/2001/XMLSchema-instance" xsi:noNamespaceSchemaLocation="https://maven.apache.org/surefire/maven-surefire-plugin/xsd/surefire-test-report.xsd" name="AppTest" time="0.156" tests="1" errors="0" skipped="0" failures="0">
  <properties>
    <property name="java.specification.version" value="17"/>
    <property name="sun.cpu.isalist" value="amd64"/>
    <property name="sun.jnu.encoding" value="Cp1252"/>
    <property name="java.class.path" value="C:\Users\User Acer\OneDrive\Documents\CODING GROUND\Coding Playground\JAVA\Attendance API\attendance_api\target\test-classes;C:\Users\User Acer\OneDrive\Documents\CODING GROUND\Coding Playground\JAVA\Attendance API\attendance_api\target\classes;C:\Users\User Acer\.m2\repository\junit\junit\4.11\junit-4.11.jar;C:\Users\User Acer\.m2\repository\org\hamcrest\hamcrest-core\1.3\hamcrest-core-1.3.jar;C:\Users\User Acer\.m2\repository\com\fasterxml\jackson\core\jackson-databind\2.16.0\jackson-databind-2.16.0.jar;C:\Users\User Acer\.m2\repository\com\fasterxml\jackson\core\jackson-annotations\2.16.0\jackson-annotations-2.16.0.jar;C:\Users\User Acer\.m2\repository\com\fasterxml\jackson\core\jackson-core\2.16.0\jackson-core-2.16.0.jar;"/>
    <property name="java.vm.vendor" value="Eclipse Adoptium"/>
    <property name="sun.arch.data.model" value="64"/>
    <property name="user.variant" value=""/>
    <property name="java.vendor.url" value="https://adoptium.net/"/>
    <property name="user.timezone" value="Asia/Manila"/>
    <property name="os.name" value="Windows 11"/>
    <property name="java.vm.specification.version" value="17"/>
    <property name="sun.java.launcher" value="SUN_STANDARD"/>
    <property name="user.country" value="PH"/>
    <property name="sun.boot.library.path" value="C:\Users\User Acer\AppData\Local\Programs\Eclipse Adoptium\jdk-17.0.7.7-hotspot\bin"/>
    <property name="sun.java.command" value="C:\Users\USERAC~1\AppData\Local\Temp\surefire15850041942439801055\surefirebooter159688387961858734.jar C:\Users\User Acer\AppData\Local\Temp\surefire15850041942439801055 2023-12-25T12-59-50_209-jvmRun1 surefire8638155223166585076tmp surefire_01631414632989054222tmp"/>
    <property name="jdk.debug" value="release"/>
    <property name="surefire.test.class.path" value="C:\Users\User Acer\OneDrive\Documents\CODING GROUND\Coding Playground\JAVA\Attendance API\attendance_api\target\test-classes;C:\Users\User Acer\OneDrive\Documents\CODING GROUND\Coding Playground\JAVA\Attendance API\attendance_api\target\classes;C:\Users\User Acer\.m2\repository\junit\junit\4.11\junit-4.11.jar;C:\Users\User Acer\.m2\repository\org\hamcrest\hamcrest-core\1.3\hamcrest-core-1.3.jar;C:\Users\User Acer\.m2\repository\com\fasterxml\jackson\core\jackson-databind\2.16.0\jackson-databind-2.16.0.jar;C:\Users\User Acer\.m2\repository\com\fasterxml\jackson\core\jackson-annotations\2.16.0\jackson-annotations-2.16.0.jar;C:\Users\User Acer\.m2\repository\com\fasterxml\jackson\core\jackson-core\2.16.0\jackson-core-2.16.0.jar;"/>
    <property name="sun.cpu.endian" value="little"/>
    <property name="user.home" value="C:\Users\User Acer"/>
    <property name="user.language" value="en"/>
    <property name="java.specification.vendor" value="Oracle Corporation"/>
    <property name="java.version.date" value="2023-04-18"/>
    <property name="java.home" value="C:\Users\User Acer\AppData\Local\Programs\Eclipse Adoptium\jdk-17.0.7.7-hotspot"/>
    <property name="file.separator" value="\"/>
    <property name="basedir" value="C:\Users\User Acer\OneDrive\Documents\CODING GROUND\Coding Playground\JAVA\Attendance API\attendance_api"/>
    <property name="java.vm.compressedOopsMode" value="32-bit"/>
    <property name="line.separator" value="&#10;"/>
    <property name="java.vm.specification.vendor" value="Oracle Corporation"/>
    <property name="java.specification.name" value="Java Platform API Specification"/>
    <property name="surefire.real.class.path" value="C:\Users\USERAC~1\AppData\Local\Temp\surefire15850041942439801055\surefirebooter159688387961858734.jar"/>
    <property name="user.script" value=""/>
    <property name="sun.management.compiler" value="HotSpot 64-Bit Tiered Compilers"/>
    <property name="java.runtime.version" value="17.0.7+7"/>
    <property name="user.name" value="User Acer"/>
    <property name="path.separator" value=";"/>
    <property name="os.version" value="10.0"/>
    <property name="java.runtime.name" value="OpenJDK Runtime Environment"/>
    <property name="file.encoding" value="Cp1252"/>
    <property name="java.vm.name" value="OpenJDK 64-Bit Server VM"/>
    <property name="java.vendor.version" value="Temurin-17.0.7+7"/>
    <property name="localRepository" value="C:\Users\User Acer\.m2\repository"/>
    <property name="java.vendor.url.bug" value="https://github.com/adoptium/adoptium-support/issues"/>
    <property name="java.io.tmpdir" value="C:\Users\USERAC~1\AppData\Local\Temp\"/>
    <property name="java.version" value="17.0.7"/>
    <property name="user.dir" value="C:\Users\User Acer\OneDrive\Documents\CODING GROUND\Coding Playground\JAVA\Attendance API\attendance_api"/>
    <property name="os.arch" value="amd64"/>
    <property name="java.vm.specification.name" value="Java Virtual Machine Specification"/>
    <property name="sun.os.patch.level" value=""/>
    <property name="native.encoding" value="Cp1252"/>
    <property name="java.library.path" value="C:\Users\User Acer\AppData\Local\Programs\Eclipse Adoptium\jdk-17.0.7.7-hotspot\bin;C:\WINDOWS\Sun\Java\bin;C:\WINDOWS\system32;C:\WINDOWS;C:\Program Files\Microsoft\jdk-11.0.16.101-hotspot\bin;C:\WINDOWS\system32;C:\WINDOWS;C:\WINDOWS\System32\Wbem;C:\WINDOWS\System32\WindowsPowerShell\v1.0\;C:\WINDOWS\System32\OpenSSH\;C:\MinGW\bin;C:\Users\User Acer\OneDrive\Documents\C++\Dev-Cpp\MinGW64\bin;C:\MinGW\bin;C:\Users\User Acer\OneDrive\Documents\CODING GROUND\Coding Playground\C++\SDL Program;C:\Users\User Acer\OneDrive\Documents\CODING GROUND\Coding Playground\C++\SDL Program\Project\src\lib;C:\Program Files (x86)\GnuWin32\bin;C:\Program Files\Microsoft SQL Server\150\Tools\Binn\;C:\Users\User Acer\OneDrive\Documents\CODING GROUND\Coding Playground\C++\SDL\SDL2-devel-2.28.1-VC\SDL2-2.28.1\lib\x64;C:\Program Files\nodejs\;C:\Users\User Acer\OneDrive\Documents\XAMPP\mysql\bin;C:\Program Files\Git\cmd;C:\Users\User Acer\OneDrive\Documents\XAMPP\php;C:\ProgramData\ComposerSetup\bin;C:\Users\User Acer\OneDrive\Documents\CODING GROUND\Coding Playground\JAVA\maven;C:\Users\User Acer\.m2\wrapper\dists\apache-maven-3.6.3-bin\1iopthnavndlasol9gbrbg6bf2\apache-maven-3.6.3\bin;C:\Users\User Acer\AppData\Local\Programs\Eclipse Adoptium\jdk-17.0.7.7-hotspot\bin;C:\Users\User Acer\AppData\Local\Programs\Python\Python311\Scripts\;C:\Users\User Acer\AppData\Local\Programs\Python\Python311\;C:\Users\User Acer\AppData\Local\Microsoft\WindowsApps;C:\Users\User Acer\Documents\Microsoft VS Code\bin;C:\Users\User Acer\AppData\Roaming\npm;C:\Users\User Acer\AppData\Roaming\Composer\vendor\bin;C:\Program Files\JetBrains\IntelliJ IDEA Community Edition 2023.2.5\bin;;C:\Users\User Acer\.m2\wrapper\dists\apache-maven-3.6.3-bin\1iopthnavndlasol9gbrbg6bf2\apache-maven-3.6.3\bin;;."/>
    <property name="java.vm.info" value="mixed mode, sharing"/>
    <property name="java.vendor" value="Eclipse Adoptium"/>
    <property name="java.vm.version" value="17.0.7+7"/>
    <property name="sun.io.unicode.encoding" value="UnicodeLittle"/>
    <property name="java.class.version" value="61.0"/>
  </properties>
  <testcase name="shouldAnswerWithTrue" classname="AppTest" time="0"/>
</testsuite>